#
# There is insufficient memory for the Java Runtime Environment to continue.
# Native memory allocation (malloc) failed to allocate 1056720 bytes for Chunk::new
# Possible reasons:
#   The system is out of physical RAM or swap space
#   The process is running with CompressedOops enabled, and the Java Heap may be blocking the growth of the native heap
# Possible solutions:
#   Reduce memory load on the system
#   Increase physical memory or swap space
#   Check if swap backing store is full
#   Decrease Java heap size (-Xmx/-Xms)
#   Decrease number of Java threads
#   Decrease Java thread stack sizes (-Xss)
#   Set larger code cache with -XX:ReservedCodeCacheSize=
#   JVM is running with Unscaled Compressed Oops mode in which the Java heap is
#     placed in the first 4GB address space. The Java Heap base address is the
#     maximum limit for the native heap growth. Please use -XX:HeapBaseMinAddress
#     to set the Java Heap base and to place the Java Heap above 4GB virtual address.
# This output file may be truncated or incomplete.
#
#  Out of Memory Error (arena.cpp:184), pid=15456, tid=52952
#
# JRE version: OpenJDK Runtime Environment (19.0.1+10) (build 19.0.1+10-21)
# Java VM: OpenJDK 64-Bit Server VM (19.0.1+10-21, mixed mode, sharing, tiered, compressed oops, compressed class ptrs, g1 gc, windows-amd64)
# No core dump will be written. Minidumps are not enabled by default on client versions of Windows
#

---------------  S U M M A R Y ------------

Command Line: -javaagent:C:\Program Files\JetBrains\IntelliJ IDEA Community Edition 2022.2.2\lib\idea_rt.jar=51768:C:\Program Files\JetBrains\IntelliJ IDEA Community Edition 2022.2.2\bin -Dfile.encoding=UTF-8 -Dsun.stdout.encoding=UTF-8 -Dsun.stderr.encoding=UTF-8 com.example.project.FinalProjectApplication

Host: AMD Ryzen 5 5500U with Radeon Graphics         , 12 cores, 7G,  Windows 11 , 64 bit Build 22000 (10.0.22000.1335)
Time: Thu Mar  9 21:08:46 2023 FLE Standard Time elapsed time: 24328.266750 seconds (0d 6h 45m 28s)

---------------  T H R E A D  ---------------

Current thread (0x000001f0a0d27f80):  JavaThread "C2 CompilerThread0" daemon [_thread_in_native, id=52952, stack(0x000000a49ba00000,0x000000a49bb00000)]


Current CompileTask:
C2:24328266 6053   !   4       java.util.concurrent.ThreadPoolExecutor::getTask (177 bytes)

Stack: [0x000000a49ba00000,0x000000a49bb00000]
Native frames: (J=compiled Java code, j=interpreted, Vv=VM code, C=native code)
V  [jvm.dll+0x6ee8fa]
V  [jvm.dll+0x857a1e]
V  [jvm.dll+0x85940e]
V  [jvm.dll+0x859ac3]
V  [jvm.dll+0x28291f]
V  [jvm.dll+0xc9b5f]
V  [jvm.dll+0xc9ee5]
V  [jvm.dll+0x3bcbac]
V  [jvm.dll+0x386201]
V  [jvm.dll+0x38567a]
V  [jvm.dll+0x24c2c9]
V  [jvm.dll+0x24b671]
V  [jvm.dll+0x1d6d61]
V  [jvm.dll+0x25b0fa]
V  [jvm.dll+0x259588]
V  [jvm.dll+0x807928]
V  [jvm.dll+0x8015fa]
V  [jvm.dll+0x6ed5eb]
C  [ucrtbase.dll+0x26c0c]
C  [KERNEL32.DLL+0x155a0]
C  [ntdll.dll+0x485b]


---------------  P R O C E S S  ---------------

Threads class SMR info:
_java_thread_list=0x000001f0a5fb9a10, length=30, elements={
0x000001f0a0d1d990, 0x000001f0a0d1e2c0, 0x000001f0a0d23780, 0x000001f0a0d240b0,
0x000001f0a0d249e0, 0x000001f0a0d25310, 0x000001f0a0d27f80, 0x000001f0a0d30900,
0x000001f0a0d31270, 0x000001f0a50883a0, 0x000001f0a52bbdc0, 0x000001f0a52ea9c0,
0x000001f0a6e26e00, 0x000001f0a757d050, 0x000001f0a757dda0, 0x000001f0a757ee10,
0x000001f0a6ec9b10, 0x000001f0a6ec7b30, 0x000001f0a6ec85d0, 0x000001f0a6ec8080,
0x000001f0a6eca060, 0x000001f0a6eca5b0, 0x000001f0a6ec8b20, 0x000001f0a6ec9070,
0x000001f0a6ecab00, 0x000001f0a6ec75e0, 0x000001f0a7068ee0, 0x000001f0a7068990,
0x000001f0a7069980, 0x000001f0a70649d0
}

Java Threads: ( => current thread )
  0x000001f0a0d1d990 JavaThread "Reference Handler" daemon [_thread_blocked, id=46884, stack(0x000000a49b400000,0x000000a49b500000)]
  0x000001f0a0d1e2c0 JavaThread "Finalizer" daemon [_thread_blocked, id=19280, stack(0x000000a49b500000,0x000000a49b600000)]
  0x000001f0a0d23780 JavaThread "Signal Dispatcher" daemon [_thread_blocked, id=57700, stack(0x000000a49b600000,0x000000a49b700000)]
  0x000001f0a0d240b0 JavaThread "Attach Listener" daemon [_thread_blocked, id=27268, stack(0x000000a49b700000,0x000000a49b800000)]
  0x000001f0a0d249e0 JavaThread "Service Thread" daemon [_thread_blocked, id=53496, stack(0x000000a49b800000,0x000000a49b900000)]
  0x000001f0a0d25310 JavaThread "Monitor Deflation Thread" daemon [_thread_blocked, id=61184, stack(0x000000a49b900000,0x000000a49ba00000)]
=>0x000001f0a0d27f80 JavaThread "C2 CompilerThread0" daemon [_thread_in_native, id=52952, stack(0x000000a49ba00000,0x000000a49bb00000)]
  0x000001f0a0d30900 JavaThread "C1 CompilerThread0" daemon [_thread_blocked, id=54432, stack(0x000000a49bb00000,0x000000a49bc00000)]
  0x000001f0a0d31270 JavaThread "Sweeper thread" daemon [_thread_blocked, id=64312, stack(0x000000a49bc00000,0x000000a49bd00000)]
  0x000001f0a50883a0 JavaThread "Common-Cleaner" daemon [_thread_blocked, id=1612, stack(0x000000a49bd00000,0x000000a49be00000)]
  0x000001f0a52bbdc0 JavaThread "Monitor Ctrl-Break" daemon [_thread_in_native, id=54060, stack(0x000000a49be00000,0x000000a49bf00000)]
  0x000001f0a52ea9c0 JavaThread "Notification Thread" daemon [_thread_blocked, id=54592, stack(0x000000a49bf00000,0x000000a49c000000)]
  0x000001f0a6e26e00 JavaThread "Catalina-utility-1" [_thread_in_vm, id=37544, stack(0x000000a49cd00000,0x000000a49ce00000)]
  0x000001f0a757d050 JavaThread "Catalina-utility-2" [_thread_blocked, id=26940, stack(0x000000a49ce00000,0x000000a49cf00000)]
  0x000001f0a757dda0 JavaThread "container-0" [_thread_blocked, id=45988, stack(0x000000a49cf00000,0x000000a49d000000)]
  0x000001f0a757ee10 JavaThread "mysql-cj-abandoned-connection-cleanup" daemon [_thread_blocked, id=60648, stack(0x000000a49d000000,0x000000a49d100000)]
  0x000001f0a6ec9b10 JavaThread "HikariPool-1 housekeeper" daemon [_thread_blocked, id=20192, stack(0x000000a49d200000,0x000000a49d300000)]
  0x000001f0a6ec7b30 JavaThread "http-nio-8080-exec-1" daemon [_thread_blocked, id=33716, stack(0x000000a49c100000,0x000000a49c200000)]
  0x000001f0a6ec85d0 JavaThread "http-nio-8080-exec-2" daemon [_thread_blocked, id=64504, stack(0x000000a49d400000,0x000000a49d500000)]
  0x000001f0a6ec8080 JavaThread "http-nio-8080-exec-3" daemon [_thread_blocked, id=6772, stack(0x000000a49d500000,0x000000a49d600000)]
  0x000001f0a6eca060 JavaThread "http-nio-8080-exec-4" daemon [_thread_blocked, id=62596, stack(0x000000a49d600000,0x000000a49d700000)]
  0x000001f0a6eca5b0 JavaThread "http-nio-8080-exec-5" daemon [_thread_blocked, id=49564, stack(0x000000a49d700000,0x000000a49d800000)]
  0x000001f0a6ec8b20 JavaThread "http-nio-8080-exec-6" daemon [_thread_blocked, id=38108, stack(0x000000a49d800000,0x000000a49d900000)]
  0x000001f0a6ec9070 JavaThread "http-nio-8080-exec-7" daemon [_thread_blocked, id=17588, stack(0x000000a49d900000,0x000000a49da00000)]
  0x000001f0a6ecab00 JavaThread "http-nio-8080-exec-8" daemon [_thread_blocked, id=20624, stack(0x000000a49da00000,0x000000a49db00000)]
  0x000001f0a6ec75e0 JavaThread "http-nio-8080-exec-9" daemon [_thread_blocked, id=44216, stack(0x000000a49db00000,0x000000a49dc00000)]
  0x000001f0a7068ee0 JavaThread "http-nio-8080-exec-10" daemon [_thread_blocked, id=59908, stack(0x000000a49dc00000,0x000000a49dd00000)]
  0x000001f0a7068990 JavaThread "http-nio-8080-Poller" daemon [_thread_in_native, id=60312, stack(0x000000a49dd00000,0x000000a49de00000)]
  0x000001f0a7069980 JavaThread "http-nio-8080-Acceptor" daemon [_thread_in_native, id=55048, stack(0x000000a49de00000,0x000000a49df00000)]
  0x000001f0a70649d0 JavaThread "DestroyJavaVM" [_thread_blocked, id=55132, stack(0x000000a49ad00000,0x000000a49ae00000)]

Other Threads:
  0x000001f0a0cff2b0 VMThread "VM Thread" [stack: 0x000000a49b300000,0x000000a49b400000] [id=50248]
  0x000001f0a52bc300 WatcherThread "VM Periodic Task Thread" [stack: 0x000000a49c000000,0x000000a49c100000] [id=16884]
  0x000001f0826c9320 WorkerThread "GC Thread#0" [stack: 0x000000a49ae00000,0x000000a49af00000] [id=29012]
  0x000001f0a5ba69b0 WorkerThread "GC Thread#1" [stack: 0x000000a49c200000,0x000000a49c300000] [id=65828]
  0x000001f0a5c16e00 WorkerThread "GC Thread#2" [stack: 0x000000a49c300000,0x000000a49c400000] [id=32632]
  0x000001f0a5c17c10 WorkerThread "GC Thread#3" [stack: 0x000000a49c400000,0x000000a49c500000] [id=58064]
  0x000001f0a5c173a0 WorkerThread "GC Thread#4" [stack: 0x000000a49c500000,0x000000a49c600000] [id=63284]
  0x000001f0a5c18750 WorkerThread "GC Thread#5" [stack: 0x000000a49c600000,0x000000a49c700000] [id=40712]
  0x000001f0a5c16b30 WorkerThread "GC Thread#6" [stack: 0x000000a49c800000,0x000000a49c900000] [id=11076]
  0x000001f0a5c17670 WorkerThread "GC Thread#7" [stack: 0x000000a49c900000,0x000000a49ca00000] [id=62076]
  0x000001f0a5c170d0 WorkerThread "GC Thread#8" [stack: 0x000000a49ca00000,0x000000a49cb00000] [id=27972]
  0x000001f0a5c17940 WorkerThread "GC Thread#9" [stack: 0x000000a49cb00000,0x000000a49cc00000] [id=59092]
  0x000001f0826d8fc0 ConcurrentGCThread "G1 Main Marker" [stack: 0x000000a49af00000,0x000000a49b000000] [id=62520]
  0x000001f0826d99f0 WorkerThread "G1 Conc#0" [stack: 0x000000a49b000000,0x000000a49b100000] [id=66224]
  0x000001f0a6f6f580 WorkerThread "G1 Conc#1" [stack: 0x000000a49c700000,0x000000a49c800000] [id=65000]
  0x000001f0a6f70390 WorkerThread "G1 Conc#2" [stack: 0x000000a49cc00000,0x000000a49cd00000] [id=20104]
  0x000001f08272ea40 ConcurrentGCThread "G1 Refine#0" [stack: 0x000000a49b100000,0x000000a49b200000] [id=51928]
  0x000001f0a0bbd520 ConcurrentGCThread "G1 Service" [stack: 0x000000a49b200000,0x000000a49b300000] [id=21128]

Threads with active compile tasks:
C2 CompilerThread0  24328317 6053   !   4       java.util.concurrent.ThreadPoolExecutor::getTask (177 bytes)

VM state: not at safepoint (normal execution)

VM Mutex/Monitor currently owned by a thread: None

Heap address: 0x000000008ae00000, size: 1874 MB, Compressed Oops mode: 32-bit

CDS archive(s) mapped at: [0x0000000800000000-0x0000000800c30000-0x0000000800c30000), size 12779520, SharedBaseAddress: 0x0000000800000000, ArchiveRelocationMode: 0.
Compressed class space mapped at: 0x0000000801000000-0x0000000841000000, reserved size: 1073741824
Narrow klass base: 0x0000000800000000, Narrow klass shift: 0, Narrow klass range: 0x100000000

GC Precious Log:
 CardTable entry size: 512
 Card Set container configuration: InlinePtr #cards 5 size 8 Array Of Cards #cards 12 size 40 Howl #buckets 4 coarsen threshold 1843 Howl Bitmap #cards 512 size 80 coarsen threshold 460 Card regions per heap region 1 cards per card region 2048
 CPUs: 12 total, 12 available
 Memory: 7488M
 Large Page Support: Disabled
 NUMA Support: Disabled
 Compressed Oops: Enabled (32-bit)
 Heap Region Size: 1M
 Heap Min Capacity: 8M
 Heap Initial Capacity: 118M
 Heap Max Capacity: 1874M
 Pre-touch: Disabled
 Parallel Workers: 10
 Concurrent Workers: 3
 Concurrent Refinement Workers: 10
 Periodic GC: Disabled

Heap:
 garbage-first heap   total 72704K, used 28289K [0x000000008ae00000, 0x0000000100000000)
  region size 1024K, 3 young (3072K), 1 survivors (1024K)
 Metaspace       used 65593K, committed 66176K, reserved 1114112K
  class space    used 8530K, committed 8832K, reserved 1048576K

Heap Regions: E=young(eden), S=young(survivor), O=old, HS=humongous(starts), HC=humongous(continues), CS=collection set, F=free, OA=open archive, CA=closed archive, TAMS=top-at-mark-start (previous, next)
|   0|0x000000008ae00000, 0x000000008af00000, 0x000000008af00000|100%|HS|  |TAMS 0x000000008af00000, 0x000000008ae00000| Complete 
|   1|0x000000008af00000, 0x000000008b000000, 0x000000008b000000|100%| O|  |TAMS 0x000000008b000000, 0x000000008af00000| Untracked 
|   2|0x000000008b000000, 0x000000008b100000, 0x000000008b100000|100%| O|  |TAMS 0x000000008b100000, 0x000000008b000000| Untracked 
|   3|0x000000008b100000, 0x000000008b200000, 0x000000008b200000|100%| O|  |TAMS 0x000000008b200000, 0x000000008b100000| Untracked 
|   4|0x000000008b200000, 0x000000008b300000, 0x000000008b300000|100%| O|  |TAMS 0x000000008b300000, 0x000000008b200000| Untracked 
|   5|0x000000008b300000, 0x000000008b400000, 0x000000008b400000|100%| O|  |TAMS 0x000000008b400000, 0x000000008b300000| Untracked 
|   6|0x000000008b400000, 0x000000008b500000, 0x000000008b500000|100%| O|  |TAMS 0x000000008b500000, 0x000000008b400000| Untracked 
|   7|0x000000008b500000, 0x000000008b600000, 0x000000008b600000|100%| O|  |TAMS 0x000000008b600000, 0x000000008b500000| Untracked 
|   8|0x000000008b600000, 0x000000008b700000, 0x000000008b700000|100%| O|  |TAMS 0x000000008b700000, 0x000000008b600000| Untracked 
|   9|0x000000008b700000, 0x000000008b800000, 0x000000008b800000|100%| O|  |TAMS 0x000000008b800000, 0x000000008b700000| Untracked 
|  10|0x000000008b800000, 0x000000008b900000, 0x000000008b900000|100%| O|  |TAMS 0x000000008b900000, 0x000000008b800000| Untracked 
|  11|0x000000008b900000, 0x000000008ba00000, 0x000000008ba00000|100%| O|  |TAMS 0x000000008ba00000, 0x000000008b900000| Untracked 
|  12|0x000000008ba00000, 0x000000008bb00000, 0x000000008bb00000|100%| O|  |TAMS 0x000000008bb00000, 0x000000008ba00000| Untracked 
|  13|0x000000008bb00000, 0x000000008bc00000, 0x000000008bc00000|100%| O|  |TAMS 0x000000008bc00000, 0x000000008bb00000| Untracked 
|  14|0x000000008bc00000, 0x000000008bd00000, 0x000000008bd00000|100%| O|  |TAMS 0x000000008bd00000, 0x000000008bc00000| Untracked 
|  15|0x000000008bd00000, 0x000000008bd00000, 0x000000008be00000|  0%| F|  |TAMS 0x000000008bd00000, 0x000000008bd00000| Untracked 
|  16|0x000000008be00000, 0x000000008bf00000, 0x000000008bf00000|100%| O|  |TAMS 0x000000008bf00000, 0x000000008be00000| Untracked 
|  17|0x000000008bf00000, 0x000000008c000000, 0x000000008c000000|100%| O|  |TAMS 0x000000008c000000, 0x000000008bf00000| Untracked 
|  18|0x000000008c000000, 0x000000008c100000, 0x000000008c100000|100%| O|  |TAMS 0x000000008c100000, 0x000000008c000000| Untracked 
|  19|0x000000008c100000, 0x000000008c200000, 0x000000008c200000|100%| O|  |TAMS 0x000000008c136a00, 0x000000008c100000| Untracked 
|  20|0x000000008c200000, 0x000000008c300000, 0x000000008c300000|100%| O|  |TAMS 0x000000008c200000, 0x000000008c200000| Untracked 
|  21|0x000000008c300000, 0x000000008c400000, 0x000000008c400000|100%| O|  |TAMS 0x000000008c300000, 0x000000008c300000| Untracked 
|  22|0x000000008c400000, 0x000000008c500000, 0x000000008c500000|100%| O|  |TAMS 0x000000008c400000, 0x000000008c400000| Untracked 
|  23|0x000000008c500000, 0x000000008c600000, 0x000000008c600000|100%| O|  |TAMS 0x000000008c500000, 0x000000008c500000| Untracked 
|  24|0x000000008c600000, 0x000000008c700000, 0x000000008c700000|100%| O|  |TAMS 0x000000008c600000, 0x000000008c600000| Untracked 
|  25|0x000000008c700000, 0x000000008c800000, 0x000000008c800000|100%| O|  |TAMS 0x000000008c700000, 0x000000008c700000| Untracked 
|  26|0x000000008c800000, 0x000000008c900000, 0x000000008c900000|100%| O|  |TAMS 0x000000008c800000, 0x000000008c800000| Untracked 
|  27|0x000000008c900000, 0x000000008c916a00, 0x000000008ca00000|  8%| O|  |TAMS 0x000000008c900000, 0x000000008c900000| Untracked 
|  28|0x000000008ca00000, 0x000000008ca00000, 0x000000008cb00000|  0%| F|  |TAMS 0x000000008ca00000, 0x000000008ca00000| Untracked 
|  29|0x000000008cb00000, 0x000000008cb00000, 0x000000008cc00000|  0%| F|  |TAMS 0x000000008cb00000, 0x000000008cb00000| Untracked 
|  30|0x000000008cc00000, 0x000000008cc00000, 0x000000008cd00000|  0%| F|  |TAMS 0x000000008cc00000, 0x000000008cc00000| Untracked 
|  31|0x000000008cd00000, 0x000000008cd00000, 0x000000008ce00000|  0%| F|  |TAMS 0x000000008cd00000, 0x000000008cd00000| Untracked 
|  32|0x000000008ce00000, 0x000000008ce00000, 0x000000008cf00000|  0%| F|  |TAMS 0x000000008ce00000, 0x000000008ce00000| Untracked 
|  33|0x000000008cf00000, 0x000000008cf00000, 0x000000008d000000|  0%| F|  |TAMS 0x000000008cf00000, 0x000000008cf00000| Untracked 
|  34|0x000000008d000000, 0x000000008d000000, 0x000000008d100000|  0%| F|  |TAMS 0x000000008d000000, 0x000000008d000000| Untracked 
|  35|0x000000008d100000, 0x000000008d100000, 0x000000008d200000|  0%| F|  |TAMS 0x000000008d100000, 0x000000008d100000| Untracked 
|  36|0x000000008d200000, 0x000000008d200000, 0x000000008d300000|  0%| F|  |TAMS 0x000000008d200000, 0x000000008d200000| Untracked 
|  37|0x000000008d300000, 0x000000008d300000, 0x000000008d400000|  0%| F|  |TAMS 0x000000008d300000, 0x000000008d300000| Untracked 
|  38|0x000000008d400000, 0x000000008d400000, 0x000000008d500000|  0%| F|  |TAMS 0x000000008d400000, 0x000000008d400000| Untracked 
|  39|0x000000008d500000, 0x000000008d500000, 0x000000008d600000|  0%| F|  |TAMS 0x000000008d500000, 0x000000008d500000| Untracked 
|  40|0x000000008d600000, 0x000000008d600000, 0x000000008d700000|  0%| F|  |TAMS 0x000000008d600000, 0x000000008d600000| Untracked 
|  41|0x000000008d700000, 0x000000008d700000, 0x000000008d800000|  0%| F|  |TAMS 0x000000008d700000, 0x000000008d700000| Untracked 
|  42|0x000000008d800000, 0x000000008d800000, 0x000000008d900000|  0%| F|  |TAMS 0x000000008d800000, 0x000000008d800000| Untracked 
|  43|0x000000008d900000, 0x000000008d900000, 0x000000008da00000|  0%| F|  |TAMS 0x000000008d900000, 0x000000008d900000| Untracked 
|  44|0x000000008da00000, 0x000000008da00000, 0x000000008db00000|  0%| F|  |TAMS 0x000000008da00000, 0x000000008da00000| Untracked 
|  45|0x000000008db00000, 0x000000008db00000, 0x000000008dc00000|  0%| F|  |TAMS 0x000000008db00000, 0x000000008db00000| Untracked 
|  46|0x000000008dc00000, 0x000000008dc00000, 0x000000008dd00000|  0%| F|  |TAMS 0x000000008dc00000, 0x000000008dc00000| Untracked 
|  47|0x000000008dd00000, 0x000000008dd00000, 0x000000008de00000|  0%| F|  |TAMS 0x000000008dd00000, 0x000000008dd00000| Untracked 
|  48|0x000000008de00000, 0x000000008de00000, 0x000000008df00000|  0%| F|  |TAMS 0x000000008de00000, 0x000000008de00000| Untracked 
|  49|0x000000008df00000, 0x000000008df00000, 0x000000008e000000|  0%| F|  |TAMS 0x000000008df00000, 0x000000008df00000| Untracked 
|  50|0x000000008e000000, 0x000000008e000000, 0x000000008e100000|  0%| F|  |TAMS 0x000000008e000000, 0x000000008e000000| Untracked 
|  51|0x000000008e100000, 0x000000008e100000, 0x000000008e200000|  0%| F|  |TAMS 0x000000008e100000, 0x000000008e100000| Untracked 
|  52|0x000000008e200000, 0x000000008e200000, 0x000000008e300000|  0%| F|  |TAMS 0x000000008e200000, 0x000000008e200000| Untracked 
|  53|0x000000008e300000, 0x000000008e300000, 0x000000008e400000|  0%| F|  |TAMS 0x000000008e300000, 0x000000008e300000| Untracked 
|  54|0x000000008e400000, 0x000000008e400000, 0x000000008e500000|  0%| F|  |TAMS 0x000000008e400000, 0x000000008e400000| Untracked 
|  55|0x000000008e500000, 0x000000008e500000, 0x000000008e600000|  0%| F|  |TAMS 0x000000008e500000, 0x000000008e500000| Untracked 
|  56|0x000000008e600000, 0x000000008e600000, 0x000000008e700000|  0%| F|  |TAMS 0x000000008e600000, 0x000000008e600000| Untracked 
|  57|0x000000008e700000, 0x000000008e700000, 0x000000008e800000|  0%| F|  |TAMS 0x000000008e700000, 0x000000008e700000| Untracked 
|  58|0x000000008e800000, 0x000000008e800000, 0x000000008e900000|  0%| F|  |TAMS 0x000000008e800000, 0x000000008e800000| Untracked 
|  59|0x000000008e900000, 0x000000008e900000, 0x000000008ea00000|  0%| F|  |TAMS 0x000000008e900000, 0x000000008e900000| Untracked 
|  60|0x000000008ea00000, 0x000000008ea00000, 0x000000008eb00000|  0%| F|  |TAMS 0x000000008ea00000, 0x000000008ea00000| Untracked 
|  61|0x000000008eb00000, 0x000000008eb00000, 0x000000008ec00000|  0%| F|  |TAMS 0x000000008eb00000, 0x000000008eb00000| Untracked 
|  62|0x000000008ec00000, 0x000000008ec00000, 0x000000008ed00000|  0%| F|  |TAMS 0x000000008ec00000, 0x000000008ec00000| Untracked 
|  63|0x000000008ed00000, 0x000000008ed00000, 0x000000008ee00000|  0%| F|  |TAMS 0x000000008ed00000, 0x000000008ed00000| Untracked 
|  72|0x000000008f600000, 0x000000008f600000, 0x000000008f700000|  0%| F|  |TAMS 0x000000008f600000, 0x000000008f600000| Untracked 
|  73|0x000000008f700000, 0x000000008f700000, 0x000000008f800000|  0%| F|  |TAMS 0x000000008f700000, 0x000000008f700000| Untracked 
|  74|0x000000008f800000, 0x000000008f800000, 0x000000008f900000|  0%| F|  |TAMS 0x000000008f800000, 0x000000008f800000| Untracked 
|  75|0x000000008f900000, 0x000000008f900000, 0x000000008fa00000|  0%| F|  |TAMS 0x000000008f900000, 0x000000008f900000| Untracked 
|  76|0x000000008fa00000, 0x000000008face2a0, 0x000000008fb00000| 80%| E|  |TAMS 0x000000008fa00000, 0x000000008fa00000| Complete 
|  77|0x000000008fb00000, 0x000000008fb89bd0, 0x000000008fc00000| 53%| S|CS|TAMS 0x000000008fb00000, 0x000000008fb00000| Complete 
| 117|0x0000000092300000, 0x0000000092400000, 0x0000000092400000|100%| E|CS|TAMS 0x0000000092300000, 0x0000000092300000| Complete 

Card table byte_map: [0x000001f099ec0000,0x000001f09a270000] _byte_map_base: 0x000001f099a69000

Marking Bits (Prev, Next): (CMBitMap*) 0x000001f0826c9990, (CMBitMap*) 0x000001f0826c9950
 Prev Bits: [0x000001f09c370000, 0x000001f09e0b8000)
 Next Bits: [0x000001f09a620000, 0x000001f09c368000)

Polling page: 0x000001f080670000

Metaspace:

Usage:
  Non-class:     55.73 MB used.
      Class:      8.33 MB used.
       Both:     64.06 MB used.

Virtual space:
  Non-class space:       64.00 MB reserved,      56.00 MB ( 88%) committed,  1 nodes.
      Class space:        1.00 GB reserved,       8.62 MB ( <1%) committed,  1 nodes.
             Both:        1.06 GB reserved,      64.62 MB (  6%) committed. 

Chunk freelists:
   Non-Class:  0 bytes
       Class:  3.36 MB
        Both:  3.36 MB

MaxMetaspaceSize: unlimited
CompressedClassSpaceSize: 1.00 GB
Initial GC threshold: 21.00 MB
Current GC threshold: 98.38 MB
CDS: on
MetaspaceReclaimPolicy: balanced
 - commit_granule_bytes: 65536.
 - commit_granule_words: 8192.
 - virtual_space_node_default_size: 8388608.
 - enlarge_chunks_in_place: 1.
 - new_chunks_are_fully_committed: 0.
 - uncommit_free_chunks: 1.
 - use_allocation_guard: 0.


Internal statistics:

num_allocs_failed_limit: 9.
num_arena_births: 822.
num_arena_deaths: 0.
num_vsnodes_births: 2.
num_vsnodes_deaths: 0.
num_space_committed: 1034.
num_space_uncommitted: 0.
num_chunks_returned_to_freelist: 9.
num_chunks_taken_from_freelist: 2972.
num_chunk_merges: 6.
num_chunk_splits: 2220.
num_chunks_enlarged: 1846.
num_inconsistent_stats: 0.

CodeHeap 'non-profiled nmethods': size=120000Kb used=2690Kb max_used=2896Kb free=117309Kb
 bounds [0x000001f092090000, 0x000001f092380000, 0x000001f0995c0000]
CodeHeap 'profiled nmethods': size=120000Kb used=9956Kb max_used=11205Kb free=110044Kb
 bounds [0x000001f08a5c0000, 0x000001f08b0c0000, 0x000001f091af0000]
CodeHeap 'non-nmethods': size=5760Kb used=1462Kb max_used=1509Kb free=4297Kb
 bounds [0x000001f091af0000, 0x000001f091d60000, 0x000001f092090000]
 total_blobs=5891 nmethods=5175 adapters=625
 compilation: enabled
              stopped_count=0, restarted_count=0
 full_count=0

Compilation events (20 events):
Event: 1797.132 Thread 0x000001f0a0d30900 nmethod 6043 0x000001f08aa4e390 code [0x000001f08aa4e540, 0x000001f08aa4e768]
Event: 1797.132 Thread 0x000001f0a0d30900 6044       3       com.mysql.cj.ServerVersion::meetsMinimum (14 bytes)
Event: 1797.132 Thread 0x000001f0a0d30900 nmethod 6044 0x000001f08ae13d10 code [0x000001f08ae13ec0, 0x000001f08ae14068]
Event: 1797.134 Thread 0x000001f0a0d30900 6045       1       com.mysql.cj.conf.AbstractPropertyDefinition::getUpperBound (5 bytes)
Event: 1797.134 Thread 0x000001f0a0d30900 nmethod 6045 0x000001f09212a790 code [0x000001f09212a920, 0x000001f09212a9d8]
Event: 1797.134 Thread 0x000001f0a0d30900 6046       1       com.mysql.cj.conf.AbstractPropertyDefinition::getLowerBound (5 bytes)
Event: 1797.134 Thread 0x000001f0a0d30900 nmethod 6046 0x000001f09212a490 code [0x000001f09212a620, 0x000001f09212a6d8]
Event: 24327.863 Thread 0x000001f0a0d30900 6047       3       org.apache.catalina.core.StandardServer$$Lambda$676/0x00000008013a7760::run (8 bytes)
Event: 24327.865 Thread 0x000001f0a0d30900 nmethod 6047 0x000001f08adf7010 code [0x000001f08adf71c0, 0x000001f08adf7408]
Event: 24327.865 Thread 0x000001f0a0d30900 6048       3       org.apache.catalina.core.StandardServer::lambda$startPeriodicLifecycleEvent$1 (8 bytes)
Event: 24327.866 Thread 0x000001f0a0d30900 nmethod 6048 0x000001f08adf6c10 code [0x000001f08adf6dc0, 0x000001f08adf6f88]
Event: 24328.011 Thread 0x000001f0a0d27f80 6049       4       java.util.concurrent.ConcurrentHashMap$KeySetView::iterator (34 bytes)
Event: 24328.019 Thread 0x000001f0a0d27f80 nmethod 6049 0x000001f09228dc90 code [0x000001f09228de20, 0x000001f09228e258]
Event: 24328.021 Thread 0x000001f0a0d27f80 6050       4       java.util.concurrent.locks.AbstractQueuedSynchronizer::acquire (20 bytes)
Event: 24328.022 Thread 0x000001f0a0d27f80 nmethod 6050 0x000001f092129f90 code [0x000001f09212a120, 0x000001f09212a208]
Event: 24328.029 Thread 0x000001f0a0d27f80 6051       4       java.util.concurrent.ThreadPoolExecutor$Worker::unlock (7 bytes)
Event: 24328.031 Thread 0x000001f0a0d27f80 nmethod 6051 0x000001f09228d890 code [0x000001f09228da20, 0x000001f09228db78]
Event: 24328.031 Thread 0x000001f0a0d27f80 6052       4       java.util.concurrent.ThreadPoolExecutor$Worker::tryAcquire (20 bytes)
Event: 24328.033 Thread 0x000001f0a0d27f80 nmethod 6052 0x000001f09228d510 code [0x000001f09228d6a0, 0x000001f09228d818]
Event: 24328.108 Thread 0x000001f0a0d27f80 6053   !   4       java.util.concurrent.ThreadPoolExecutor::getTask (177 bytes)

GC Heap History (20 events):
Event: 2.945 GC heap before
{Heap before GC invocations=4 (full 0):
 garbage-first heap   total 48128K, used 35153K [0x000000008ae00000, 0x0000000100000000)
  region size 1024K, 28 young (28672K), 6 survivors (6144K)
 Metaspace       used 26559K, committed 26944K, reserved 1114112K
  class space    used 3236K, committed 3392K, reserved 1048576K
}
Event: 2.956 GC heap after
{Heap after GC invocations=5 (full 0):
 garbage-first heap   total 48128K, used 15193K [0x000000008ae00000, 0x0000000100000000)
  region size 1024K, 3 young (3072K), 3 survivors (3072K)
 Metaspace       used 26559K, committed 26944K, reserved 1114112K
  class space    used 3236K, committed 3392K, reserved 1048576K
}
Event: 2.984 GC heap before
{Heap before GC invocations=5 (full 0):
 garbage-first heap   total 48128K, used 16217K [0x000000008ae00000, 0x0000000100000000)
  region size 1024K, 4 young (4096K), 3 survivors (3072K)
 Metaspace       used 26829K, committed 27264K, reserved 1114112K
  class space    used 3260K, committed 3456K, reserved 1048576K
}
Event: 2.989 GC heap after
{Heap after GC invocations=6 (full 0):
 garbage-first heap   total 48128K, used 15739K [0x000000008ae00000, 0x0000000100000000)
  region size 1024K, 1 young (1024K), 1 survivors (1024K)
 Metaspace       used 26829K, committed 27264K, reserved 1114112K
  class space    used 3260K, committed 3456K, reserved 1048576K
}
Event: 3.440 GC heap before
{Heap before GC invocations=6 (full 0):
 garbage-first heap   total 48128K, used 33147K [0x000000008ae00000, 0x0000000100000000)
  region size 1024K, 19 young (19456K), 1 survivors (1024K)
 Metaspace       used 30924K, committed 31360K, reserved 1114112K
  class space    used 3806K, committed 4032K, reserved 1048576K
}
Event: 3.442 GC heap after
{Heap after GC invocations=7 (full 0):
 garbage-first heap   total 48128K, used 16700K [0x000000008ae00000, 0x0000000100000000)
  region size 1024K, 2 young (2048K), 2 survivors (2048K)
 Metaspace       used 30924K, committed 31360K, reserved 1114112K
  class space    used 3806K, committed 4032K, reserved 1048576K
}
Event: 3.796 GC heap before
{Heap before GC invocations=7 (full 0):
 garbage-first heap   total 48128K, used 30012K [0x000000008ae00000, 0x0000000100000000)
  region size 1024K, 17 young (17408K), 2 survivors (2048K)
 Metaspace       used 35510K, committed 35968K, reserved 1114112K
  class space    used 4452K, committed 4672K, reserved 1048576K
}
Event: 3.798 GC heap after
{Heap after GC invocations=8 (full 0):
 garbage-first heap   total 48128K, used 17835K [0x000000008ae00000, 0x0000000100000000)
  region size 1024K, 3 young (3072K), 3 survivors (3072K)
 Metaspace       used 35510K, committed 35968K, reserved 1114112K
  class space    used 4452K, committed 4672K, reserved 1048576K
}
Event: 4.378 GC heap before
{Heap before GC invocations=9 (full 0):
 garbage-first heap   total 48128K, used 34219K [0x000000008ae00000, 0x0000000100000000)
  region size 1024K, 20 young (20480K), 3 survivors (3072K)
 Metaspace       used 43683K, committed 44224K, reserved 1114112K
  class space    used 5460K, committed 5696K, reserved 1048576K
}
Event: 4.383 GC heap after
{Heap after GC invocations=10 (full 0):
 garbage-first heap   total 72704K, used 19816K [0x000000008ae00000, 0x0000000100000000)
  region size 1024K, 3 young (3072K), 3 survivors (3072K)
 Metaspace       used 43683K, committed 44224K, reserved 1114112K
  class space    used 5460K, committed 5696K, reserved 1048576K
}
Event: 5.039 GC heap before
{Heap before GC invocations=10 (full 0):
 garbage-first heap   total 72704K, used 51560K [0x000000008ae00000, 0x0000000100000000)
  region size 1024K, 35 young (35840K), 3 survivors (3072K)
 Metaspace       used 53063K, committed 53568K, reserved 1114112K
  class space    used 6856K, committed 7104K, reserved 1048576K
}
Event: 5.043 GC heap after
{Heap after GC invocations=11 (full 0):
 garbage-first heap   total 72704K, used 21576K [0x000000008ae00000, 0x0000000100000000)
  region size 1024K, 4 young (4096K), 4 survivors (4096K)
 Metaspace       used 53063K, committed 53568K, reserved 1114112K
  class space    used 6856K, committed 7104K, reserved 1048576K
}
Event: 5.800 GC heap before
{Heap before GC invocations=11 (full 0):
 garbage-first heap   total 72704K, used 53320K [0x000000008ae00000, 0x0000000100000000)
  region size 1024K, 35 young (35840K), 4 survivors (4096K)
 Metaspace       used 58422K, committed 58944K, reserved 1114112K
  class space    used 7548K, committed 7808K, reserved 1048576K
}
Event: 5.805 GC heap after
{Heap after GC invocations=12 (full 0):
 garbage-first heap   total 72704K, used 24505K [0x000000008ae00000, 0x0000000100000000)
  region size 1024K, 5 young (5120K), 5 survivors (5120K)
 Metaspace       used 58422K, committed 58944K, reserved 1114112K
  class space    used 7548K, committed 7808K, reserved 1048576K
}
Event: 5.978 GC heap before
{Heap before GC invocations=12 (full 0):
 garbage-first heap   total 72704K, used 32697K [0x000000008ae00000, 0x0000000100000000)
  region size 1024K, 14 young (14336K), 5 survivors (5120K)
 Metaspace       used 59754K, committed 60288K, reserved 1114112K
  class space    used 7720K, committed 8000K, reserved 1048576K
}
Event: 5.981 GC heap after
{Heap after GC invocations=13 (full 0):
 garbage-first heap   total 72704K, used 25662K [0x000000008ae00000, 0x0000000100000000)
  region size 1024K, 2 young (2048K), 2 survivors (2048K)
 Metaspace       used 59754K, committed 60288K, reserved 1114112K
  class space    used 7720K, committed 8000K, reserved 1048576K
}
Event: 1770.088 GC heap before
{Heap before GC invocations=14 (full 0):
 garbage-first heap   total 72704K, used 53310K [0x000000008ae00000, 0x0000000100000000)
  region size 1024K, 30 young (30720K), 2 survivors (2048K)
 Metaspace       used 65536K, committed 66176K, reserved 1114112K
  class space    used 8530K, committed 8832K, reserved 1048576K
}
Event: 1770.137 GC heap after
{Heap after GC invocations=15 (full 0):
 garbage-first heap   total 72704K, used 27233K [0x000000008ae00000, 0x0000000100000000)
  region size 1024K, 3 young (3072K), 3 survivors (3072K)
 Metaspace       used 65536K, committed 66176K, reserved 1114112K
  class space    used 8530K, committed 8832K, reserved 1048576K
}
Event: 1781.357 GC heap before
{Heap before GC invocations=15 (full 0):
 garbage-first heap   total 72704K, used 28257K [0x000000008ae00000, 0x0000000100000000)
  region size 1024K, 4 young (4096K), 3 survivors (3072K)
 Metaspace       used 65554K, committed 66176K, reserved 1114112K
  class space    used 8530K, committed 8832K, reserved 1048576K
}
Event: 1781.373 GC heap after
{Heap after GC invocations=16 (full 0):
 garbage-first heap   total 72704K, used 27265K [0x000000008ae00000, 0x0000000100000000)
  region size 1024K, 1 young (1024K), 1 survivors (1024K)
 Metaspace       used 65554K, committed 66176K, reserved 1114112K
  class space    used 8530K, committed 8832K, reserved 1048576K
}

Dll operation events (14 events):
Event: 0.018 Loaded shared library C:\Users\Vegito\.jdks\openjdk-19.0.1\bin\java.dll
Event: 0.033 Loaded shared library C:\Users\Vegito\.jdks\openjdk-19.0.1\bin\jsvml.dll
Event: 0.174 Loaded shared library C:\Users\Vegito\.jdks\openjdk-19.0.1\bin\zip.dll
Event: 0.179 Loaded shared library C:\Users\Vegito\.jdks\openjdk-19.0.1\bin\instrument.dll
Event: 0.188 Loaded shared library C:\Users\Vegito\.jdks\openjdk-19.0.1\bin\net.dll
Event: 0.192 Loaded shared library C:\Users\Vegito\.jdks\openjdk-19.0.1\bin\nio.dll
Event: 0.195 Loaded shared library C:\Users\Vegito\.jdks\openjdk-19.0.1\bin\zip.dll
Event: 0.274 Loaded shared library C:\Program Files\JetBrains\IntelliJ IDEA Community Edition 2022.2.2\bin\breakgen64.dll
Event: 0.284 Loaded shared library C:\Users\Vegito\.jdks\openjdk-19.0.1\bin\extnet.dll
Event: 0.315 Loaded shared library C:\Users\Vegito\.jdks\openjdk-19.0.1\bin\jimage.dll
Event: 1.036 Loaded shared library C:\Users\Vegito\.jdks\openjdk-19.0.1\bin\verify.dll
Event: 3.022 Loaded shared library C:\Users\Vegito\.jdks\openjdk-19.0.1\bin\sunmscapi.dll
Event: 3.027 Loaded shared library C:\Users\Vegito\.jdks\openjdk-19.0.1\bin\management.dll
Event: 3.029 Loaded shared library C:\Users\Vegito\.jdks\openjdk-19.0.1\bin\management_ext.dll

Deoptimization events (20 events):
Event: 20.625 Thread 0x000001f0a6ec85d0 DEOPT PACKING pc=0x000001f092102e6c sp=0x000000a49d4fd120
Event: 20.625 Thread 0x000001f0a6ec85d0 DEOPT UNPACKING pc=0x000001f091b56da3 sp=0x000000a49d4fd058 mode 2
Event: 20.625 Thread 0x000001f0a6ec85d0 Uncommon trap: trap_request=0xffffff45 fr.pc=0x000001f09210356c relative=0x00000000000000cc
Event: 20.625 Thread 0x000001f0a6ec85d0 Uncommon trap: reason=unstable_if action=reinterpret pc=0x000001f09210356c method=java.lang.AbstractStringBuilder.charAt(I)C @ 12 c2
Event: 20.625 Thread 0x000001f0a6ec85d0 DEOPT PACKING pc=0x000001f09210356c sp=0x000000a49d4fd0b0
Event: 20.625 Thread 0x000001f0a6ec85d0 DEOPT UNPACKING pc=0x000001f091b56da3 sp=0x000000a49d4fd050 mode 2
Event: 20.766 Thread 0x000001f0a6ec85d0 Uncommon trap: trap_request=0xffffff45 fr.pc=0x000001f0920e94a4 relative=0x0000000000000084
Event: 20.766 Thread 0x000001f0a6ec85d0 Uncommon trap: reason=unstable_if action=reinterpret pc=0x000001f0920e94a4 method=java.lang.CharacterDataLatin1.isWhitespace(I)Z @ 14 c2
Event: 20.766 Thread 0x000001f0a6ec85d0 DEOPT PACKING pc=0x000001f0920e94a4 sp=0x000000a49d4fa820
Event: 20.766 Thread 0x000001f0a6ec85d0 DEOPT UNPACKING pc=0x000001f091b56da3 sp=0x000000a49d4fa790 mode 2
Event: 31.950 Thread 0x000001f0a6ec8080 Uncommon trap: trap_request=0xffffff45 fr.pc=0x000001f09235b3f8 relative=0x0000000000000658
Event: 31.950 Thread 0x000001f0a6ec8080 Uncommon trap: reason=unstable_if action=reinterpret pc=0x000001f09235b3f8 method=java.lang.ref.ReferenceQueue.poll()Ljava/lang/ref/Reference; @ 4 c2
Event: 31.950 Thread 0x000001f0a6ec8080 DEOPT PACKING pc=0x000001f09235b3f8 sp=0x000000a49d5fcdf0
Event: 31.950 Thread 0x000001f0a6ec8080 DEOPT UNPACKING pc=0x000001f091b56da3 sp=0x000000a49d5fcb10 mode 2
Event: 1769.047 Thread 0x000001f0a7068440 DEOPT PACKING pc=0x000001f08ae61842 sp=0x000000a49abfda40
Event: 1769.047 Thread 0x000001f0a7068440 DEOPT UNPACKING pc=0x000001f091b57543 sp=0x000000a49abfcf00 mode 0
Event: 1769.956 Thread 0x000001f0a7068440 DEOPT PACKING pc=0x000001f08ae15c46 sp=0x000000a49abfd9e0
Event: 1769.956 Thread 0x000001f0a7068440 DEOPT UNPACKING pc=0x000001f091b57543 sp=0x000000a49abfce38 mode 0
Event: 1770.071 Thread 0x000001f0a7068440 DEOPT PACKING pc=0x000001f08ae4808c sp=0x000000a49abfdb50
Event: 1770.071 Thread 0x000001f0a7068440 DEOPT UNPACKING pc=0x000001f091b57543 sp=0x000000a49abfcfd0 mode 0

Classes loaded (20 events):
Event: 20.528 Loading class java/util/OptionalDouble
Event: 20.528 Loading class java/util/OptionalDouble done
Event: 20.535 Loading class org/w3c/dom/Node
Event: 20.536 Loading class org/w3c/dom/Node done
Event: 20.536 Loading class org/w3c/dom/Document
Event: 20.536 Loading class org/w3c/dom/Document done
Event: 20.835 Loading class java/util/stream/LongStream
Event: 20.835 Loading class java/util/stream/LongStream done
Event: 20.835 Loading class java/util/stream/DoubleStream
Event: 20.836 Loading class java/util/stream/DoubleStream done
Event: 20.851 Loading class java/util/AbstractMap$SimpleEntry
Event: 20.852 Loading class java/util/AbstractMap$SimpleEntry done
Event: 1761.001 Loading class sun/security/ssl/Alert
Event: 1761.082 Loading class sun/security/ssl/Alert done
Event: 1761.097 Loading class sun/security/ssl/Alert$AlertConsumer
Event: 1761.105 Loading class sun/security/ssl/Alert$AlertConsumer done
Event: 1761.105 Loading class sun/security/ssl/Alert$Level
Event: 1761.107 Loading class sun/security/ssl/Alert$Level done
Event: 1761.111 Loading class sun/net/ConnectionResetException
Event: 1761.114 Loading class sun/net/ConnectionResetException done

Classes unloaded (0 events):
No events

Classes redefined (0 events):
No events

Internal exceptions (20 events):
Event: 5.401 Thread 0x000001f08266b770 Exception <a 'java/lang/IncompatibleClassChangeError'{0x000000008f622d80}: Found class java.lang.Object, but interface was expected> (0x000000008f622d80) 
thrown [s\open\src\hotspot\share\interpreter\linkResolver.cpp, line 841]
Event: 5.429 Thread 0x000001f08266b770 Exception <a 'java/lang/IncompatibleClassChangeError'{0x000000008ed70950}: Found class java.lang.Object, but interface was expected> (0x000000008ed70950) 
thrown [s\open\src\hotspot\share\interpreter\linkResolver.cpp, line 841]
Event: 5.551 Thread 0x000001f08266b770 Exception <a 'java/lang/IncompatibleClassChangeError'{0x000000008e6359d8}: Found class java.lang.Object, but interface was expected> (0x000000008e6359d8) 
thrown [s\open\src\hotspot\share\interpreter\linkResolver.cpp, line 841]
Event: 5.626 Thread 0x000001f08266b770 Exception <a 'java/lang/NoSuchMethodError'{0x000000008df4dc70}: 'java.lang.Object java.lang.invoke.DirectMethodHandle$Holder.newInvokeSpecial(java.lang.Object, java.lang.Object, int)'> (0x000000008df4dc70) 
thrown [s\open\src\hotspot\share\interpreter\linkResolver.cpp, line 774]
Event: 5.631 Thread 0x000001f08266b770 Exception <a 'java/lang/IncompatibleClassChangeError'{0x000000008df726e8}: Found class java.lang.Object, but interface was expected> (0x000000008df726e8) 
thrown [s\open\src\hotspot\share\interpreter\linkResolver.cpp, line 841]
Event: 5.632 Thread 0x000001f08266b770 Exception <a 'java/lang/IncompatibleClassChangeError'{0x000000008df78fe0}: Found class java.lang.Object, but interface was expected> (0x000000008df78fe0) 
thrown [s\open\src\hotspot\share\interpreter\linkResolver.cpp, line 841]
Event: 5.700 Thread 0x000001f08266b770 Exception <a 'java/lang/NoSuchMethodError'{0x000000008dcf0c50}: 'java.lang.Object java.lang.invoke.DirectMethodHandle$Holder.newInvokeSpecial(java.lang.Object, java.lang.Object, java.lang.Object, java.lang.Object, java.lang.Object, java.lang.Object, java.lang.Object, java.lang.Object)'> (0x000000008dcf0c50) 
thrown [s\open\src\hotspot\share\interpreter\linkResolver.cpp, line 774]
Event: 5.818 Thread 0x000001f08266b770 Exception <a 'java/lang/NoSuchMethodError'{0x0000000092398a68}: 'void java.lang.invoke.DirectMethodHandle$Holder.invokeVirtual(java.lang.Object, java.lang.Object, long)'> (0x0000000092398a68) 
thrown [s\open\src\hotspot\share\interpreter\linkResolver.cpp, line 774]
Event: 5.938 Thread 0x000001f08266b770 Exception <a 'java/lang/IncompatibleClassChangeError'{0x000000008f7cdac8}: Found class java.lang.Object, but interface was expected> (0x000000008f7cdac8) 
thrown [s\open\src\hotspot\share\interpreter\linkResolver.cpp, line 841]
Event: 5.967 Thread 0x000001f08266b770 Exception <a 'java/lang/NoSuchMethodError'{0x000000008edd6438}: 'int java.lang.invoke.DirectMethodHandle$Holder.invokeStaticInit(java.lang.Object, java.lang.Object, java.lang.Object, java.lang.Object)'> (0x000000008edd6438) 
thrown [s\open\src\hotspot\share\interpreter\linkResolver.cpp, line 774]
Event: 5.999 Thread 0x000001f08266b770 Implicit null exception at 0x000001f0921a0d5a to 0x000001f0921a0f88
Event: 6.048 Thread 0x000001f08266b770 Exception <a 'java/lang/NoSuchMethodError'{0x000000008f9cb450}: 'java.lang.Object java.lang.invoke.DirectMethodHandle$Holder.newInvokeSpecial(java.lang.Object, java.lang.Object, int, java.lang.Object, java.lang.Object)'> (0x000000008f9cb450) 
thrown [s\open\src\hotspot\share\interpreter\linkResolver.cpp, line 774]
Event: 6.049 Thread 0x000001f08266b770 Exception <a 'java/lang/NoSuchMethodError'{0x000000008f9d6ae0}: 'java.lang.Object java.lang.invoke.DirectMethodHandle$Holder.invokeSpecial(java.lang.Object, java.lang.Object, int, java.lang.Object, int, java.lang.Object)'> (0x000000008f9d6ae0) 
thrown [s\open\src\hotspot\share\interpreter\linkResolver.cpp, line 774]
Event: 6.049 Thread 0x000001f08266b770 Exception <a 'java/lang/NoSuchMethodError'{0x000000008f9de8c8}: 'java.lang.Object java.lang.invoke.DirectMethodHandle$Holder.newInvokeSpecial(java.lang.Object, java.lang.Object, int, java.lang.Object, int)'> (0x000000008f9de8c8) 
thrown [s\open\src\hotspot\share\interpreter\linkResolver.cpp, line 774]
Event: 6.049 Thread 0x000001f08266b770 Exception <a 'java/lang/NoSuchMethodError'{0x000000008f9e29e0}: 'java.lang.Object java.lang.invoke.DirectMethodHandle$Holder.invokeSpecial(java.lang.Object, java.lang.Object, java.lang.Object, int, java.lang.Object, int)'> (0x000000008f9e29e0) 
thrown [s\open\src\hotspot\share\interpreter\linkResolver.cpp, line 774]
Event: 20.426 Thread 0x000001f0a6ec85d0 Exception <a 'java/lang/NoSuchMethodError'{0x000000008ec10820}: 'java.lang.Object java.lang.invoke.DirectMethodHandle$Holder.invokeSpecial(java.lang.Object, java.lang.Object, java.lang.Object, java.lang.Object, java.lang.Object, long)'> (0x000000008ec10820) 
thrown [s\open\src\hotspot\share\interpreter\linkResolver.cpp, line 774]
Event: 20.426 Thread 0x000001f0a6ec85d0 Exception <a 'java/lang/NoSuchMethodError'{0x000000008ec14270}: 'java.lang.Object java.lang.invoke.Invokers$Holder.linkToTargetMethod(java.lang.Object, java.lang.Object, java.lang.Object, long, java.lang.Object)'> (0x000000008ec14270) 
thrown [s\open\src\hotspot\share\interpreter\linkResolver.cpp, line 774]
Event: 32.068 Thread 0x000001f0a6ec8080 Exception <a 'java/lang/IncompatibleClassChangeError'{0x000000008dbc6cb0}: Found class java.lang.Object, but interface was expected> (0x000000008dbc6cb0) 
thrown [s\open\src\hotspot\share\interpreter\linkResolver.cpp, line 841]
Event: 1761.110 Thread 0x000001f0a7069430 Exception <a 'java/io/IOException'{0x000000008d969d88}> (0x000000008d969d88) 
thrown [s\open\src\hotspot\share\prims\jni.cpp, line 517]
Event: 1761.111 Thread 0x000001f0a7069430 Exception <a 'java/io/IOException'{0x000000008d96a8e0}> (0x000000008d96a8e0) 
thrown [s\open\src\hotspot\share\prims\jni.cpp, line 517]

VM Operations (20 events):
Event: 1728.077 Executing VM operation: Cleanup
Event: 1728.077 Executing VM operation: Cleanup done
Event: 1761.487 Executing VM operation: Cleanup
Event: 1761.487 Executing VM operation: Cleanup done
Event: 1766.543 Executing VM operation: Cleanup
Event: 1766.543 Executing VM operation: Cleanup done
Event: 1769.575 Executing VM operation: Cleanup
Event: 1769.575 Executing VM operation: Cleanup done
Event: 1770.086 Executing VM operation: G1CollectForAllocation
Event: 1770.137 Executing VM operation: G1CollectForAllocation done
Event: 1771.152 Executing VM operation: Cleanup
Event: 1771.152 Executing VM operation: Cleanup done
Event: 1776.195 Executing VM operation: Cleanup
Event: 1776.195 Executing VM operation: Cleanup done
Event: 1781.357 Executing VM operation: G1CollectForAllocation
Event: 1781.373 Executing VM operation: G1CollectForAllocation done
Event: 1782.381 Executing VM operation: Cleanup
Event: 1782.381 Executing VM operation: Cleanup done
Event: 1797.516 Executing VM operation: Cleanup
Event: 1797.517 Executing VM operation: Cleanup done

Events (20 events):
Event: 1760.950 Thread 0x000001f0a7069430 Thread added: 0x000001f0a7069430
Event: 1760.951 Thread 0x000001f0a7064480 Thread added: 0x000001f0a7064480
Event: 1766.124 Thread 0x000001f0a7069430 Thread exited: 0x000001f0a7069430
Event: 1766.246 Thread 0x000001f0a7064480 Thread exited: 0x000001f0a7064480
Event: 1766.480 Thread 0x000001f0a706a970 Thread added: 0x000001f0a706a970
Event: 1766.480 Thread 0x000001f0a7068440 Thread added: 0x000001f0a7068440
Event: 1775.071 Thread 0x000001f0a706a970 Thread exited: 0x000001f0a706a970
Event: 1775.165 Thread 0x000001f0a7068440 Thread exited: 0x000001f0a7068440
Event: 1775.290 Thread 0x000001f0a706a420 Thread added: 0x000001f0a706a420
Event: 1775.290 Thread 0x000001f0a7068440 Thread added: 0x000001f0a7068440
Event: 1780.304 Thread 0x000001f0a706a420 Thread exited: 0x000001f0a706a420
Event: 1780.335 Thread 0x000001f0a7068440 Thread exited: 0x000001f0a7068440
Event: 1781.354 Thread 0x000001f0a7062f40 Thread added: 0x000001f0a7062f40
Event: 1781.354 Thread 0x000001f0a7063490 Thread added: 0x000001f0a7063490
Event: 1787.180 Thread 0x000001f0a7062f40 Thread exited: 0x000001f0a7062f40
Event: 1787.213 Thread 0x000001f0a7063490 Thread exited: 0x000001f0a7063490
Event: 1797.111 Thread 0x000001f0a7066f00 Thread added: 0x000001f0a7066f00
Event: 1797.111 Thread 0x000001f0a7062f40 Thread added: 0x000001f0a7062f40
Event: 1802.121 Thread 0x000001f0a7066f00 Thread exited: 0x000001f0a7066f00
Event: 1802.168 Thread 0x000001f0a7062f40 Thread exited: 0x000001f0a7062f40


Dynamic libraries:
0x00007ff7c39f0000 - 0x00007ff7c39fe000 	C:\Users\Vegito\.jdks\openjdk-19.0.1\bin\java.exe
0x00007ff92d5c0000 - 0x00007ff92d7c9000 	C:\WINDOWS\SYSTEM32\ntdll.dll
0x00007ff92c3b0000 - 0x00007ff92c46e000 	C:\WINDOWS\System32\KERNEL32.DLL
0x00007ff92b090000 - 0x00007ff92b40b000 	C:\WINDOWS\System32\KERNELBASE.dll
0x00007ff92aa90000 - 0x00007ff92aba1000 	C:\WINDOWS\System32\ucrtbase.dll
0x00007ff927fc0000 - 0x00007ff927fd7000 	C:\Users\Vegito\.jdks\openjdk-19.0.1\bin\jli.dll
0x00007ff927e30000 - 0x00007ff927e4b000 	C:\Users\Vegito\.jdks\openjdk-19.0.1\bin\VCRUNTIME140.dll
0x00007ff92b500000 - 0x00007ff92b6ad000 	C:\WINDOWS\System32\USER32.dll
0x00007ff92b410000 - 0x00007ff92b436000 	C:\WINDOWS\System32\win32u.dll
0x00007ff911760000 - 0x00007ff911a05000 	C:\WINDOWS\WinSxS\amd64_microsoft.windows.common-controls_6595b64144ccf1df_6.0.22000.120_none_9d947278b86cc467\COMCTL32.dll
0x00007ff92b6b0000 - 0x00007ff92b6d9000 	C:\WINDOWS\System32\GDI32.dll
0x00007ff92d060000 - 0x00007ff92d103000 	C:\WINDOWS\System32\msvcrt.dll
0x00007ff92ad80000 - 0x00007ff92ae98000 	C:\WINDOWS\System32\gdi32full.dll
0x00007ff92ac70000 - 0x00007ff92ad0d000 	C:\WINDOWS\System32\msvcp_win.dll
0x00007ff92cf40000 - 0x00007ff92cf72000 	C:\WINDOWS\System32\IMM32.DLL
0x00007ff924a40000 - 0x00007ff924a4c000 	C:\Users\Vegito\.jdks\openjdk-19.0.1\bin\vcruntime140_1.dll
0x00007ff8f3cc0000 - 0x00007ff8f3d4e000 	C:\Users\Vegito\.jdks\openjdk-19.0.1\bin\msvcp140.dll
0x00007ff8b8de0000 - 0x00007ff8b9aa0000 	C:\Users\Vegito\.jdks\openjdk-19.0.1\bin\server\jvm.dll
0x00007ff92c560000 - 0x00007ff92c60e000 	C:\WINDOWS\System32\ADVAPI32.dll
0x00007ff92bb50000 - 0x00007ff92bbee000 	C:\WINDOWS\System32\sechost.dll
0x00007ff92b890000 - 0x00007ff92b9b0000 	C:\WINDOWS\System32\RPCRT4.dll
0x00007ff8f7de0000 - 0x00007ff8f7de9000 	C:\WINDOWS\SYSTEM32\WSOCK32.dll
0x00007ff926330000 - 0x00007ff926363000 	C:\WINDOWS\SYSTEM32\WINMM.dll
0x00007ff92c800000 - 0x00007ff92c86f000 	C:\WINDOWS\System32\WS2_32.dll
0x00007ff924950000 - 0x00007ff92495a000 	C:\WINDOWS\SYSTEM32\VERSION.dll
0x00007ff929b10000 - 0x00007ff929b28000 	C:\WINDOWS\SYSTEM32\kernel.appcore.dll
0x00007ff924a30000 - 0x00007ff924a3a000 	C:\Users\Vegito\.jdks\openjdk-19.0.1\bin\jimage.dll
0x00007ff919360000 - 0x00007ff919581000 	C:\WINDOWS\SYSTEM32\DBGHELP.DLL
0x00007ff90f300000 - 0x00007ff90f331000 	C:\WINDOWS\SYSTEM32\dbgcore.DLL
0x00007ff92aea0000 - 0x00007ff92af1f000 	C:\WINDOWS\System32\bcryptPrimitives.dll
0x00007ff924160000 - 0x00007ff92416e000 	C:\Users\Vegito\.jdks\openjdk-19.0.1\bin\instrument.dll
0x00007ff924100000 - 0x00007ff924126000 	C:\Users\Vegito\.jdks\openjdk-19.0.1\bin\java.dll
0x00007ff8ef110000 - 0x00007ff8ef1e7000 	C:\Users\Vegito\.jdks\openjdk-19.0.1\bin\jsvml.dll
0x00007ff92bbf0000 - 0x00007ff92c3a7000 	C:\WINDOWS\System32\SHELL32.dll
0x00007ff928b80000 - 0x00007ff9293e5000 	C:\WINDOWS\SYSTEM32\windows.storage.dll
0x00007ff92ca40000 - 0x00007ff92cdb8000 	C:\WINDOWS\System32\combase.dll
0x00007ff928a10000 - 0x00007ff928b76000 	C:\WINDOWS\SYSTEM32\wintypes.dll
0x00007ff92c470000 - 0x00007ff92c55a000 	C:\WINDOWS\System32\SHCORE.dll
0x00007ff92cdc0000 - 0x00007ff92ce1d000 	C:\WINDOWS\System32\shlwapi.dll
0x00007ff92a9c0000 - 0x00007ff92a9e1000 	C:\WINDOWS\SYSTEM32\profapi.dll
0x00007ff917e90000 - 0x00007ff917ea8000 	C:\Users\Vegito\.jdks\openjdk-19.0.1\bin\zip.dll
0x00007ff9203b0000 - 0x00007ff9203c3000 	C:\Users\Vegito\.jdks\openjdk-19.0.1\bin\net.dll
0x00007ff925e50000 - 0x00007ff925f64000 	C:\WINDOWS\SYSTEM32\WINHTTP.dll
0x00007ff929fb0000 - 0x00007ff92a017000 	C:\WINDOWS\system32\mswsock.dll
0x00007ff9202f0000 - 0x00007ff920306000 	C:\Users\Vegito\.jdks\openjdk-19.0.1\bin\nio.dll
0x00007ff924130000 - 0x00007ff92414a000 	C:\Program Files\JetBrains\IntelliJ IDEA Community Edition 2022.2.2\bin\breakgen64.dll
0x00007ff9240f0000 - 0x00007ff9240f8000 	C:\Users\Vegito\.jdks\openjdk-19.0.1\bin\extnet.dll
0x00007ff9240d0000 - 0x00007ff9240e0000 	C:\Users\Vegito\.jdks\openjdk-19.0.1\bin\verify.dll
0x00007ff92a260000 - 0x00007ff92a278000 	C:\WINDOWS\SYSTEM32\CRYPTSP.dll
0x00007ff929a70000 - 0x00007ff929aa5000 	C:\WINDOWS\system32\rsaenh.dll
0x00007ff92a110000 - 0x00007ff92a139000 	C:\WINDOWS\SYSTEM32\USERENV.dll
0x00007ff92a3f0000 - 0x00007ff92a417000 	C:\WINDOWS\SYSTEM32\bcrypt.dll
0x00007ff92a280000 - 0x00007ff92a28c000 	C:\WINDOWS\SYSTEM32\CRYPTBASE.dll
0x00007ff929640000 - 0x00007ff92966d000 	C:\WINDOWS\SYSTEM32\IPHLPAPI.DLL
0x00007ff92ca30000 - 0x00007ff92ca39000 	C:\WINDOWS\System32\NSI.dll
0x00007ff9262f0000 - 0x00007ff926309000 	C:\WINDOWS\SYSTEM32\dhcpcsvc6.DLL
0x00007ff926130000 - 0x00007ff92614e000 	C:\WINDOWS\SYSTEM32\dhcpcsvc.DLL
0x00007ff929670000 - 0x00007ff929758000 	C:\WINDOWS\SYSTEM32\DNSAPI.dll
0x00007ff9202d0000 - 0x00007ff9202de000 	C:\Users\Vegito\.jdks\openjdk-19.0.1\bin\sunmscapi.dll
0x00007ff92af20000 - 0x00007ff92b082000 	C:\WINDOWS\System32\CRYPT32.dll
0x00007ff92a3c0000 - 0x00007ff92a3e8000 	C:\WINDOWS\SYSTEM32\ncrypt.dll
0x00007ff92a380000 - 0x00007ff92a3b7000 	C:\WINDOWS\SYSTEM32\NTASN1.dll
0x00007ff920390000 - 0x00007ff92039a000 	C:\Users\Vegito\.jdks\openjdk-19.0.1\bin\management.dll
0x00007ff9202e0000 - 0x00007ff9202eb000 	C:\Users\Vegito\.jdks\openjdk-19.0.1\bin\management_ext.dll
0x00007ff92b9b0000 - 0x00007ff92b9b8000 	C:\WINDOWS\System32\PSAPI.DLL
0x00007ff913bd0000 - 0x00007ff913bda000 	C:\Windows\System32\rasadhlp.dll
0x00007ff924760000 - 0x00007ff9247e1000 	C:\WINDOWS\System32\fwpuclnt.dll
0x00007ff914580000 - 0x00007ff914588000 	C:\WINDOWS\system32\wshunix.dll

dbghelp: loaded successfully - version: 4.0.5 - missing functions: none
symbol engine: initialized successfully - sym options: 0x614 - pdb path: .;C:\Users\Vegito\.jdks\openjdk-19.0.1\bin;C:\WINDOWS\SYSTEM32;C:\WINDOWS\WinSxS\amd64_microsoft.windows.common-controls_6595b64144ccf1df_6.0.22000.120_none_9d947278b86cc467;C:\Users\Vegito\.jdks\openjdk-19.0.1\bin\server;C:\Program Files\JetBrains\IntelliJ IDEA Community Edition 2022.2.2\bin

VM Arguments:
jvm_args: -javaagent:C:\Program Files\JetBrains\IntelliJ IDEA Community Edition 2022.2.2\lib\idea_rt.jar=51768:C:\Program Files\JetBrains\IntelliJ IDEA Community Edition 2022.2.2\bin -Dfile.encoding=UTF-8 -Dsun.stdout.encoding=UTF-8 -Dsun.stderr.encoding=UTF-8 
java_command: com.example.project.FinalProjectApplication
java_class_path (initial): C:\Users\Vegito\HW\project\project\target\classes;C:\Users\Vegito\.m2\repository\org\hibernate\hibernate-validator\5.2.4.Final\hibernate-validator-5.2.4.Final.jar;C:\Users\Vegito\.m2\repository\javax\validation\validation-api\1.1.0.Final\validation-api-1.1.0.Final.jar;C:\Users\Vegito\.m2\repository\org\jboss\logging\jboss-logging\3.5.0.Final\jboss-logging-3.5.0.Final.jar;C:\Users\Vegito\.m2\repository\com\fasterxml\classmate\1.5.1\classmate-1.5.1.jar;C:\Users\Vegito\.m2\repository\org\springframework\boot\spring-boot-starter-data-jpa\3.0.3\spring-boot-starter-data-jpa-3.0.3.jar;C:\Users\Vegito\.m2\repository\org\springframework\boot\spring-boot-starter-aop\3.0.3\spring-boot-starter-aop-3.0.3.jar;C:\Users\Vegito\.m2\repository\org\aspectj\aspectjweaver\1.9.19\aspectjweaver-1.9.19.jar;C:\Users\Vegito\.m2\repository\org\springframework\boot\spring-boot-starter-jdbc\3.0.3\spring-boot-starter-jdbc-3.0.3.jar;C:\Users\Vegito\.m2\repository\com\zaxxer\HikariCP\5.0.1\HikariCP-5.0.1.jar;C:\Users\Vegito\.m2\repository\org\springframework\spring-jdbc\6.0.5\spring-jdbc-6.0.5.jar;C:\Users\Vegito\.m2\repository\org\hibernate\orm\hibernate-core\6.1.7.Final\hibernate-core-6.1.7.Final.jar;C:\Users\Vegito\.m2\repository\jakarta\persistence\jakarta.persistence-api\3.1.0\jakarta.persistence-api-3.1.0.jar;C:\Users\Vegito\.m2\repository\jakarta\transaction\jakarta.transaction-api\2.0.1\jakarta.transaction-api-2.0.1.jar;C:\Users\Vegito\.m2\repository\org\hibernate\common\hibernate-commons-annotations\6.0.6.Final\hibernate-commons-annotations-6.0.6.Final.jar;C:\Users\Vegito\.m2\repository\org\jboss\jandex\2.4.2.Final\jandex-2.4.2.Final.jar;C:\Users\Vegito\.m2\repository\net\bytebuddy\byte-buddy\1.12.23\byte-buddy-1.12.23.jar;C:\Users\Vegito\.m2\repository\org\glassfish\jaxb\jaxb-runtime\4.0.2\jaxb-runtime-4.0.2.jar;C:\Users\Vegito\.m2\repository\org\glassfish\jaxb\jaxb-core\4.0.2\jaxb-core-4.0.2.jar;C:\Users\Vegito\.m2\repository\org\eclipse\angus\angus-activation\2.0.0\angus-activation-2.0.0.jar;C:\Users\Vegito\.m2\repository\org\glassfish\jaxb\txw2\4.0.2\txw2-4.0.2.jar;C:\Users\Vegito\.m2\repository\com\sun\istack\istack-commons-runtime\4.1.1\istack-commons-runtime-4.1.1.jar;C:\Users\Vegito\.m2\repository\jakarta\inject\jakarta.inject-api\2.0.0\jakarta.inject-api-2.0.0.jar;C:\Users\Vegito\.m2\repository\org\antlr\antlr4-runtime\4.10.1\antlr4-runtime-4.10.1.jar;C:\Users\Vegito\.m2\repository\org\springframework\data\spring-data-jpa\3.0.2\spring-data-jpa-3.0.2.jar;C:\Users\Vegito\.m2\repository\org\springframework\data\spring-data-commons\3.0.2\spring-data-commons-3.0.2.jar;C:\Users\Vegito\.m2\repository\org\springframework\spring-orm\6.0.5\spring-orm-6.0.5.jar;C:\Users\Vegito\.m2\repository\org\springframework\spring-context\6.0.5\spring-context-6.0.5.jar;C:\Users\Vegito\.m2\repository\org\springframework\spring-tx\6.0.5\spring-tx-6.0.5.jar;C:\Users\Vegito\.m2\repository\org\springframework\spring-beans\6.0.5\spring-beans-6.0.5.jar;C:\Users\Vegito\.m2\repository\jakarta\annotation\jakarta.annotation-api\2.1.1\jakarta.annotation-api-2.1.1.jar;C:\Users\Vegito\.m2\repository\org\slf4j\slf4j-api\2.0.6\slf4j-api-2.0.6.jar;C:\Users\Vegito\.m2\repository\org\springframework\spring-aspects\6.0.5\spring-aspects-6.0.5.jar;C:\Users\Vegito\.m2\repository\org\springframework\boot\spring-boot-starter-security\3.0.3\spring-boot-starter-security-3.0.3.jar;C:\Users\Vegito\.m2\repository\org\springframework\boot\spring-boot-starter\3.0.3\spring-boot-starter-3.0.3.jar;C:\Users\Vegito\.m2\repository\org\springframework\boot\spring-boot\3.0.3\spring-boot-3.0.3.jar;C:\Users\Vegito\.m2\repository\org\springframework\boot\spring-boot-autoconfigure\3.0.3\spring-boot-autoconfigure-3.0.3.jar;C:\Users\Vegito\.m2\repository\org\springframework\boot\spring-boot-starter-logging\3.0.3\spring-boot-starter-logging-3.0.3.jar;C:\Users\Vegito\.m2\repository\ch\qos\logback\logback-classic\1.4.5\logback-classic-1.4.5.jar;C:\Users\Vegito\.m2\repository\ch\qos\logback\logback-core\1.4.5\logback-core-1.4.5.jar;C:\Users\Vegito\.m2\repository\org\apache\logging\log4j\log4j-to-slf4j\2.19.0\log4j-to-slf4j-2.19.0.jar;C:\Users\Vegito\.m2\repository\org\apache\logging\log4j\log4j-api\2.19.0\log4j-api-2.19.0.jar;C:\Users\Vegito\.m2\repository\org\slf4j\jul-to-slf4j\2.0.6\jul-to-slf4j-2.0.6.jar;C:\Users\Vegito\.m2\repository\org\yaml\snakeyaml\1.33\snakeyaml-1.33.jar;C:\Users\Vegito\.m2\repository\org\springframework\spring-aop\6.0.5\spring-aop-6.0.5.jar;C:\Users\Vegito\.m2\repository\org\springframework\security\spring-security-config\6.0.2\spring-security-config-6.0.2.jar;C:\Users\Vegito\.m2\repository\org\springframework\security\spring-security-web\6.0.2\spring-security-web-6.0.2.jar;C:\Users\Vegito\.m2\repository\org\springframework\spring-expression\6.0.5\spring-expression-6.0.5.jar;C:\Users\Vegito\.m2\repository\org\springframework\boot\spring-boot-starter-web\3.0.3\spring-boot-starter-web-3.0.3.jar;C:\Users\Vegito\.m2\repository\org\springframework\boot\spring-boot-starter-json\3.0.3\spring-boot-starter-json-3.0.3.jar;C:\Users\Vegito\.m2\repository\com\fasterxml\jackson\core\jackson-databind\2.14.2\jackson-databind-2.14.2.jar;C:\Users\Vegito\.m2\repository\com\fasterxml\jackson\core\jackson-annotations\2.14.2\jackson-annotations-2.14.2.jar;C:\Users\Vegito\.m2\repository\com\fasterxml\jackson\core\jackson-core\2.14.2\jackson-core-2.14.2.jar;C:\Users\Vegito\.m2\repository\com\fasterxml\jackson\datatype\jackson-datatype-jdk8\2.14.2\jackson-datatype-jdk8-2.14.2.jar;C:\Users\Vegito\.m2\repository\com\fasterxml\jackson\datatype\jackson-datatype-jsr310\2.14.2\jackson-datatype-jsr310-2.14.2.jar;C:\Users\Vegito\.m2\repository\com\fasterxml\jackson\module\jackson-module-parameter-names\2.14.2\jackson-module-parameter-names-2.14.2.jar;C:\Users\Vegito\.m2\repository\org\springframework\boot\spring-boot-starter-tomcat\3.0.3\spring-boot-starter-tomcat-3.0.3.jar;C:\Users\Vegito\.m2\repository\org\apache\tomcat\embed\tomcat-embed-core\10.1.5\tomcat-embed-core-10.1.5.jar;C:\Users\Vegito\.m2\repository\org\apache\tomcat\embed\tomcat-embed-el\10.1.5\tomcat-embed-el-10.1.5.jar;C:\Users\Vegito\.m2\repository\org\apache\tomcat\embed\tomcat-embed-websocket\10.1.5\tomcat-embed-websocket-10.1.5.jar;C:\Users\Vegito\.m2\repository\org\springframework\spring-web\6.0.5\spring-web-6.0.5.jar;C:\Users\Vegito\.m2\repository\io\micrometer\micrometer-observation\1.10.4\micrometer-observation-1.10.4.jar;C:\Users\Vegito\.m2\repository\io\micrometer\micrometer-commons\1.10.4\micrometer-commons-1.10.4.jar;C:\Users\Vegito\.m2\repository\org\springframework\spring-webmvc\6.0.5\spring-webmvc-6.0.5.jar;C:\Users\Vegito\.m2\repository\com\mysql\mysql-connector-j\8.0.32\mysql-connector-j-8.0.32.jar;C:\Users\Vegito\.m2\repository\org\projectlombok\lombok\1.18.26\lombok-1.18.26.jar;C:\Users\Vegito\.m2\repository\jakarta\xml\bind\jakarta.xml.bind-api\4.0.0\jakarta.xml.bind-api-4.0.0.jar;C:\Users\Vegito\.m2\repository\jakarta\activation\jakarta.activation-api\2.1.1\jakarta.activation-api-2.1.1.jar;C:\Users\Vegito\.m2\repository\org\springframework\spring-core\6.0.5\spring-core-6.0.5.jar;C:\Users\Vegito\.m2\repository\org\springframework\spring-jcl\6.0.5\spring-jcl-6.0.5.jar;C:\Users\Vegito\.m2\repository\org\springframework\security\spring-security-core\6.0.2\spring-security-core-6.0.2.jar;C:\Users\Vegito\.m2\repository\org\springframework\security\spring-security-crypto\6.0.2\spring-security-crypto-6.0.2.jar
Launcher Type: SUN_STANDARD

[Global flags]
     intx CICompilerCount                          = 4                                         {product} {ergonomic}
     uint ConcGCThreads                            = 3                                         {product} {ergonomic}
     uint G1ConcRefinementThreads                  = 10                                        {product} {ergonomic}
   size_t G1HeapRegionSize                         = 1048576                                   {product} {ergonomic}
    uintx GCDrainStackTargetSize                   = 64                                        {product} {ergonomic}
   size_t InitialHeapSize                          = 123731968                                 {product} {ergonomic}
   size_t MarkStackSize                            = 4194304                                   {product} {ergonomic}
   size_t MaxHeapSize                              = 1965031424                                {product} {ergonomic}
   size_t MaxNewSize                               = 1178599424                                {product} {ergonomic}
   size_t MinHeapDeltaBytes                        = 1048576                                   {product} {ergonomic}
   size_t MinHeapSize                              = 8388608                                   {product} {ergonomic}
    uintx NonNMethodCodeHeapSize                   = 5839372                                {pd product} {ergonomic}
    uintx NonProfiledCodeHeapSize                  = 122909434                              {pd product} {ergonomic}
    uintx ProfiledCodeHeapSize                     = 122909434                              {pd product} {ergonomic}
    uintx ReservedCodeCacheSize                    = 251658240                              {pd product} {ergonomic}
     bool SegmentedCodeCache                       = true                                      {product} {ergonomic}
   size_t SoftMaxHeapSize                          = 1965031424                             {manageable} {ergonomic}
     bool UseCompressedClassPointers               = true                           {product lp64_product} {ergonomic}
     bool UseCompressedOops                        = true                           {product lp64_product} {ergonomic}
     bool UseG1GC                                  = true                                      {product} {ergonomic}
     bool UseLargePagesIndividualAllocation        = false                                  {pd product} {ergonomic}

Logging:
Log output configuration:
 #0: stdout all=warning uptime,level,tags foldmultilines=false
 #1: stderr all=off uptime,level,tags foldmultilines=false

Environment Variables:
JAVA_HOME=C:\Program Files\jdk-19.0.2
PATH=C:\WINDOWS\system32;C:\WINDOWS;C:\WINDOWS\System32\Wbem;C:\WINDOWS\System32\WindowsPowerShell\v1.0\;C:\WINDOWS\System32\OpenSSH\;C:\Program Files\Git\cmd;C:\Program Files\MySQL\MySQL Shell 8.0\bin\;C:\Users\Vegito\AppData\Local\Microsoft\WindowsApps;C:\apache-maven-3.8.7-bin\apache-maven-3.8.7\bin;C:\Program Files\jdk-19.0.2\bin;
USERNAME=Vegito
OS=Windows_NT
PROCESSOR_IDENTIFIER=AMD64 Family 23 Model 104 Stepping 1, AuthenticAMD
TMP=C:\Users\Vegito\AppData\Local\Temp
TEMP=C:\Users\Vegito\AppData\Local\Temp



---------------  S Y S T E M  ---------------

OS:
 Windows 11 , 64 bit Build 22000 (10.0.22000.1335)
OS uptime: 35 days 22:40 hours

CPU: total 12 (initial active 12) (12 cores per cpu, 2 threads per core) family 23 model 104 stepping 1 microcode 0x0, cx8, cmov, fxsr, ht, mmx, 3dnowpref, sse, sse2, sse3, ssse3, sse4a, sse4.1, sse4.2, popcnt, lzcnt, tsc, tscinvbit, avx, avx2, aes, clmul, bmi1, bmi2, adx, sha, fma, vzeroupper, clflush, clflushopt, rdtscp, rdpid

Memory: 4k page, system-wide physical 7488M (65M free)
TotalPageFile size 30016M (AvailPageFile size 1M)
current process WorkingSet (physical memory assigned to process): 89M, peak: 246M
current process commit charge ("private bytes"): 272M, peak: 289M

vm_info: OpenJDK 64-Bit Server VM (19.0.1+10-21) for windows-amd64 JRE (19.0.1+10-21), built on 2022-09-14T12:45:06Z by "mach5one" with MS VC++ 17.1 (VS2022)

END.
